<?xml version="1.0" encoding="UTF-8"?>
<testng-results ignored="0" total="1" passed="1" failed="0" skipped="0">
  <reporter-output>
  </reporter-output>
  <suite started-at="2024-05-28T19:18:51 IST" name="Suite" finished-at="2024-05-28T19:19:09 IST" duration-ms="18667">
    <groups>
    </groups>
    <test started-at="2024-05-28T19:18:51 IST" name="Test" finished-at="2024-05-28T19:19:09 IST" duration-ms="18667">
      <class name="qa.tests.Testcase1">
        <test-method is-config="true" signature="beforeTestMethod()[pri:0, instance:qa.tests.Testcase1@5158b42f]" started-at="2024-05-28T19:18:51 IST" name="beforeTestMethod" finished-at="2024-05-28T19:18:51 IST" duration-ms="340" status="PASS">
          <reporter-output>
          </reporter-output>
        </test-method> <!-- beforeTestMethod -->
        <test-method is-config="true" signature="beforeMethod(java.lang.String,java.lang.reflect.Method)[pri:0, instance:qa.tests.Testcase1@5158b42f]" started-at="2024-05-28T19:18:51 IST" name="beforeMethod" finished-at="2024-05-28T19:19:01 IST" duration-ms="10212" status="PASS">
          <params>
            <param index="0">
              <value>
                <![CDATA[chrome]]>
              </value>
            </param>
            <param index="1">
              <value>
                <![CDATA[public void qa.tests.Testcase1.sampleMethodForEnteringCredentials() throws java.lang.Exception]]>
              </value>
            </param>
          </params>
          <reporter-output>
          </reporter-output>
        </test-method> <!-- beforeMethod -->
        <test-method signature="sampleMethodForEnteringCredentials()[pri:0, instance:qa.tests.Testcase1@5158b42f]" started-at="2024-05-28T19:19:01 IST" name="sampleMethodForEnteringCredentials" finished-at="2024-05-28T19:19:08 IST" duration-ms="6953" status="PASS">
          <reporter-output>
          </reporter-output>
        </test-method> <!-- sampleMethodForEnteringCredentials -->
        <test-method is-config="true" signature="afterMethod(org.testng.ITestResult)[pri:0, instance:qa.tests.Testcase1@5158b42f]" started-at="2024-05-28T19:19:08 IST" name="afterMethod" finished-at="2024-05-28T19:19:09 IST" duration-ms="785" status="PASS">
          <params>
            <param index="0">
              <value>
                <![CDATA[[TestResult name=sampleMethodForEnteringCredentials status=SUCCESS method=Testcase1.sampleMethodForEnteringCredentials()[pri:0, instance:qa.tests.Testcase1@5158b42f] output={null}]]]>
              </value>
            </param>
          </params>
          <reporter-output>
          </reporter-output>
        </test-method> <!-- afterMethod -->
        <test-method is-config="true" signature="aftertest()[pri:0, instance:qa.tests.Testcase1@5158b42f]" started-at="2024-05-28T19:19:09 IST" name="aftertest" finished-at="2024-05-28T19:19:09 IST" duration-ms="335" status="PASS">
          <reporter-output>
          </reporter-output>
        </test-method> <!-- aftertest -->
      </class> <!-- qa.tests.Testcase1 -->
    </test> <!-- Test -->
  </suite> <!-- Suite -->
</testng-results>
